File LBA log generated by MKPSXISO v1.19

Image bin file: disc.bin
Image cue file: disc.cue

File System:

    Type  Name             Length    LBA       Timecode    Bytes     Source File

    Dir   BIN              1         23        23    2048       
    0000  AREA.BIN;1       1         24        24    2048      C:/BioDSZ/disc/BINARY/BIO2.BIN
    0001  BOOT.BIN;1       1         25        25    2048      C:/BioDSZ/disc/BINARY/BOOT.BIN
    0002  CONFIG.BIN;1     14        26        26    27756     C:/BioDSZ/disc/BINARY/CONFIG.BIN
    0003  DEBUG.BIN;1      1         40        40    2048      C:/BioDSZ/disc/BINARY/DEBUG.BIN
    0004  DIEDEMO.BIN;1    8         41        41    14536     C:/BioDSZ/disc/BINARY/DIEDEMO.BIN
    0005  ENDING.BIN;1     24        49        49    47194     C:/BioDSZ/disc/BINARY/ENDING.BIN
    0006  MEM_CARD.BIN;1   12        73        73    23932     C:/BioDSZ/disc/BINARY/MEM_CARD.BIN
    0007  OPENING.BIN;1    7         85        85    13524     C:/BioDSZ/disc/BINARY/OPENING.BIN
    0008  RESULT.BIN;1     9         92        92    17360     C:/BioDSZ/disc/BINARY/RESULT.BIN
    0009  SELECT.BIN;1     10        101       101    18760     C:/BioDSZ/disc/BINARY/SELECT.BIN
    000A  TITLE.BIN;1      15        111       111    28740     C:/BioDSZ/disc/BINARY/TITLE.BIN
    End   BIN
    Dir   BSS              4         126       126    8192       
    0000  CAPCOM.TIM;1     76        130       130    153620    C:/BioDSZ/disc/DATA_EX/CAPCOM.TIM
    0001  DEMO00.DAT;1     1         206       206    1862      C:/BioDSZ/disc/DATA_EX/PDEMO00.DAT
    0002  DEMO01.DAT;1     1         207       207    1862      C:/BioDSZ/disc/DATA_EX/PDEMO01.DAT
    0003  DEMO02.DAT;1     1         208       208    1862      C:/BioDSZ/disc/DATA_EX/PDEMO02.DAT
    0004  DEMO10.DAT;1     1         209       209    1862      C:/BioDSZ/disc/DATA_EX/PDEMO10.DAT
    0005  DEMO11.DAT;1     1         210       210    1862      C:/BioDSZ/disc/DATA_EX/PDEMO11.DAT
    0006  DEMO12.DAT;1     1         211       211    1862      C:/BioDSZ/disc/DATA_EX/PDEMO12.DAT
    0007  ROOM800.SND;1    20        212       212    40012     C:/BioDSZ/disc/DATA_EX/ROOM800.SND
    0008  TITLE.TIM;1      76        232       232    153620    C:/BioDSZ/disc/DATA_EX/TITLE_BIO2.TIM
    0009  ZNULL08.BIN;1    1         308       308    2048      C:/BioDSZ/asset/dummy.file
    000A  ZNULL09.BIN;1    1         309       309    2048      C:/BioDSZ/asset/dummy.file
    000B  ZNULL0A.BIN;1    1         310       310    2048      C:/BioDSZ/asset/dummy.file
    000C  ZNULL0B.BIN;1    1         311       311    2048      C:/BioDSZ/asset/dummy.file
    000D  ZNULL0C.BIN;1    1         312       312    2048      C:/BioDSZ/asset/dummy.file
    000E  ZNULL0D.BIN;1    1         313       313    2048      C:/BioDSZ/asset/dummy.file
    000F  ZNULL0E.BIN;1    1         314       314    2048      C:/BioDSZ/asset/dummy.file
    0010  ZNULL0F.BIN;1    1         315       315    2048      C:/BioDSZ/asset/dummy.file
    0011  ZNULL10.BIN;1    1         316       316    2048      C:/BioDSZ/asset/dummy.file
    0012  ZNULL11.BIN;1    1         317       317    2048      C:/BioDSZ/asset/dummy.file
    0013  ZNULL12.BIN;1    1         318       318    2048      C:/BioDSZ/asset/dummy.file
    0014  ZNULL13.BIN;1    1         319       319    2048      C:/BioDSZ/asset/dummy.file
    0015  ZNULL14.BIN;1    1         320       320    2048      C:/BioDSZ/asset/dummy.file
    0016  ZNULL15.BIN;1    1         321       321    2048      C:/BioDSZ/asset/dummy.file
    0017  ZNULL16.BIN;1    1         322       322    2048      C:/BioDSZ/asset/dummy.file
    0018  ZNULL17.BIN;1    1         323       323    2048      C:/BioDSZ/asset/dummy.file
    0019  ZNULL18.BIN;1    1         324       324    2048      C:/BioDSZ/asset/dummy.file
    001A  ZNULL19.BIN;1    1         325       325    2048      C:/BioDSZ/asset/dummy.file
    001B  ZNULL1A.BIN;1    1         326       326    2048      C:/BioDSZ/asset/dummy.file
    001C  ZNULL1B.BIN;1    1         327       327    2048      C:/BioDSZ/asset/dummy.file
    001D  ZNULL1C.BIN;1    1         328       328    2048      C:/BioDSZ/asset/dummy.file
    001E  ZNULL1D.BIN;1    1         329       329    2048      C:/BioDSZ/asset/dummy.file
    001F  ZNULL1E.BIN;1    1         330       330    2048      C:/BioDSZ/asset/dummy.file
    0020  ZNULL1F.BIN;1    1         331       331    2048      C:/BioDSZ/asset/dummy.file
    0021  ZNULL20.BIN;1    1         332       332    2048      C:/BioDSZ/asset/dummy.file
    0022  ZNULL21.BIN;1    1         333       333    2048      C:/BioDSZ/asset/dummy.file
    0023  ZNULL22.BIN;1    1         334       334    2048      C:/BioDSZ/asset/dummy.file
    0024  ZNULL23.BIN;1    1         335       335    2048      C:/BioDSZ/asset/dummy.file
    0025  ZNULL24.BIN;1    1         336       336    2048      C:/BioDSZ/asset/dummy.file
    0026  ZNULL25.BIN;1    1         337       337    2048      C:/BioDSZ/asset/dummy.file
    0027  ZNULL26.BIN;1    1         338       338    2048      C:/BioDSZ/asset/dummy.file
    0028  ZNULL27.BIN;1    1         339       339    2048      C:/BioDSZ/asset/dummy.file
    0029  ZNULL28.BIN;1    1         340       340    2048      C:/BioDSZ/asset/dummy.file
    002A  ZNULL29.BIN;1    1         341       341    2048      C:/BioDSZ/asset/dummy.file
    002B  ZNULL2A.BIN;1    1         342       342    2048      C:/BioDSZ/asset/dummy.file
    002C  ZNULL2B.BIN;1    1         343       343    2048      C:/BioDSZ/asset/dummy.file
    002D  ZNULL2C.BIN;1    1         344       344    2048      C:/BioDSZ/asset/dummy.file
    002E  ZNULL2D.BIN;1    1         345       345    2048      C:/BioDSZ/asset/dummy.file
    002F  ZNULL2E.BIN;1    1         346       346    2048      C:/BioDSZ/asset/dummy.file
    0030  ZNULL2F.BIN;1    1         347       347    2048      C:/BioDSZ/asset/dummy.file
    0031  ZNULL30.BIN;1    1         348       348    2048      C:/BioDSZ/asset/dummy.file
    0032  ZNULL31.BIN;1    1         349       349    2048      C:/BioDSZ/asset/dummy.file
    0033  ZNULL32.BIN;1    1         350       350    2048      C:/BioDSZ/asset/dummy.file
    0034  ZNULL33.BIN;1    1         351       351    2048      C:/BioDSZ/asset/dummy.file
    0035  ZNULL34.BIN;1    1         352       352    2048      C:/BioDSZ/asset/dummy.file
    0036  ZNULL35.BIN;1    1         353       353    2048      C:/BioDSZ/asset/dummy.file
    0037  ZNULL36.BIN;1    1         354       354    2048      C:/BioDSZ/asset/dummy.file
    0038  ZNULL37.BIN;1    1         355       355    2048      C:/BioDSZ/asset/dummy.file
    0039  ZNULL38.BIN;1    1         356       356    2048      C:/BioDSZ/asset/dummy.file
    003A  ZNULL39.BIN;1    1         357       357    2048      C:/BioDSZ/asset/dummy.file
    003B  ZNULL3A.BIN;1    1         358       358    2048      C:/BioDSZ/asset/dummy.file
    003C  ZNULL3B.BIN;1    1         359       359    2048      C:/BioDSZ/asset/dummy.file
    003D  ZNULL3C.BIN;1    1         360       360    2048      C:/BioDSZ/asset/dummy.file
    003E  ZNULL3D.BIN;1    1         361       361    2048      C:/BioDSZ/asset/dummy.file
    003F  ZNULL3E.BIN;1    1         362       362    2048      C:/BioDSZ/asset/dummy.file
    0040  ZNULL3F.BIN;1    1         363       363    2048      C:/BioDSZ/asset/dummy.file
    0041  ZNULL40.BIN;1    1         364       364    2048      C:/BioDSZ/asset/dummy.file
    0042  ZNULL41.BIN;1    1         365       365    2048      C:/BioDSZ/asset/dummy.file
    0043  ZNULL42.BIN;1    1         366       366    2048      C:/BioDSZ/asset/dummy.file
    0044  ZNULL43.BIN;1    1         367       367    2048      C:/BioDSZ/asset/dummy.file
    0045  ZNULL44.BIN;1    1         368       368    2048      C:/BioDSZ/asset/dummy.file
    0046  ZNULL45.BIN;1    1         369       369    2048      C:/BioDSZ/asset/dummy.file
    0047  ZNULL46.BIN;1    1         370       370    2048      C:/BioDSZ/asset/dummy.file
    0048  ZNULL47.BIN;1    1         371       371    2048      C:/BioDSZ/asset/dummy.file
    0049  ZNULL48.BIN;1    1         372       372    2048      C:/BioDSZ/asset/dummy.file
    004A  ZNULL49.BIN;1    1         373       373    2048      C:/BioDSZ/asset/dummy.file
    004B  ZNULL4A.BIN;1    1         374       374    2048      C:/BioDSZ/asset/dummy.file
    004C  ZNULL4B.BIN;1    1         375       375    2048      C:/BioDSZ/asset/dummy.file
    004D  ZNULL4C.BIN;1    1         376       376    2048      C:/BioDSZ/asset/dummy.file
    004E  ZNULL4D.BIN;1    1         377       377    2048      C:/BioDSZ/asset/dummy.file
    004F  ZNULL4E.BIN;1    1         378       378    2048      C:/BioDSZ/asset/dummy.file
    0050  ZNULL4F.BIN;1    1         379       379    2048      C:/BioDSZ/asset/dummy.file
    0051  ZNULL50.BIN;1    1         380       380    2048      C:/BioDSZ/asset/dummy.file
    0052  ZNULL51.BIN;1    1         381       381    2048      C:/BioDSZ/asset/dummy.file
    0053  ZNULL52.BIN;1    1         382       382    2048      C:/BioDSZ/asset/dummy.file
    0054  ZNULL53.BIN;1    1         383       383    2048      C:/BioDSZ/asset/dummy.file
    0055  ZNULL54.BIN;1    1         384       384    2048      C:/BioDSZ/asset/dummy.file
    0056  ZNULL55.BIN;1    1         385       385    2048      C:/BioDSZ/asset/dummy.file
    0057  ZNULL56.BIN;1    1         386       386    2048      C:/BioDSZ/asset/dummy.file
    0058  ZNULL57.BIN;1    1         387       387    2048      C:/BioDSZ/asset/dummy.file
    0059  ZNULL58.BIN;1    1         388       388    2048      C:/BioDSZ/asset/dummy.file
    005A  ZNULL59.BIN;1    1         389       389    2048      C:/BioDSZ/asset/dummy.file
    005B  ZNULL5A.BIN;1    1         390       390    2048      C:/BioDSZ/asset/dummy.file
    005C  ZNULL5B.BIN;1    1         391       391    2048      C:/BioDSZ/asset/dummy.file
    005D  ZNULL5C.BIN;1    1         392       392    2048      C:/BioDSZ/asset/dummy.file
    005E  ZNULL5D.BIN;1    1         393       393    2048      C:/BioDSZ/asset/dummy.file
    005F  ZNULL5E.BIN;1    1         394       394    2048      C:/BioDSZ/asset/dummy.file
    0060  ZNULL5F.BIN;1    1         395       395    2048      C:/BioDSZ/asset/dummy.file
    0061  ZNULL60.BIN;1    1         396       396    2048      C:/BioDSZ/asset/dummy.file
    0062  ZNULL61.BIN;1    1         397       397    2048      C:/BioDSZ/asset/dummy.file
    0063  ZNULL62.BIN;1    1         398       398    2048      C:/BioDSZ/asset/dummy.file
    0064  ZNULL63.BIN;1    1         399       399    2048      C:/BioDSZ/asset/dummy.file
    0065  ZNULL64.BIN;1    1         400       400    2048      C:/BioDSZ/asset/dummy.file
    0066  ZNULL65.BIN;1    1         401       401    2048      C:/BioDSZ/asset/dummy.file
    0067  ZNULL66.BIN;1    1         402       402    2048      C:/BioDSZ/asset/dummy.file
    0068  ZNULL67.BIN;1    1         403       403    2048      C:/BioDSZ/asset/dummy.file
    0069  ZNULL68.BIN;1    1         404       404    2048      C:/BioDSZ/asset/dummy.file
    006A  ZNULL69.BIN;1    1         405       405    2048      C:/BioDSZ/asset/dummy.file
    006B  ZNULL6A.BIN;1    1         406       406    2048      C:/BioDSZ/asset/dummy.file
    006C  ZNULL6B.BIN;1    1         407       407    2048      C:/BioDSZ/asset/dummy.file
    006D  ZNULL6C.BIN;1    1         408       408    2048      C:/BioDSZ/asset/dummy.file
    006E  ZNULL6D.BIN;1    1         409       409    2048      C:/BioDSZ/asset/dummy.file
    006F  ZNULL6E.BIN;1    1         410       410    2048      C:/BioDSZ/asset/dummy.file
    0070  ZNULL6F.BIN;1    1         411       411    2048      C:/BioDSZ/asset/dummy.file
    0071  ZNULL70.BIN;1    1         412       412    2048      C:/BioDSZ/asset/dummy.file
    0072  ZNULL71.BIN;1    1         413       413    2048      C:/BioDSZ/asset/dummy.file
    0073  ZNULL72.BIN;1    1         414       414    2048      C:/BioDSZ/asset/dummy.file
    0074  ZNULL73.BIN;1    1         415       415    2048      C:/BioDSZ/asset/dummy.file
    0075  ZNULL74.BIN;1    1         416       416    2048      C:/BioDSZ/asset/dummy.file
    0076  ZNULL75.BIN;1    1         417       417    2048      C:/BioDSZ/asset/dummy.file
    0077  ZNULL76.BIN;1    1         418       418    2048      C:/BioDSZ/asset/dummy.file
    0078  ZNULL77.BIN;1    1         419       419    2048      C:/BioDSZ/asset/dummy.file
    0079  ZNULL78.BIN;1    1         420       420    2048      C:/BioDSZ/asset/dummy.file
    007A  ZNULL79.BIN;1    1         421       421    2048      C:/BioDSZ/asset/dummy.file
    007B  ZNULL7A.BIN;1    1         422       422    2048      C:/BioDSZ/asset/dummy.file
    007C  ZNULL7B.BIN;1    1         423       423    2048      C:/BioDSZ/asset/dummy.file
    007D  ZNULL7C.BIN;1    1         424       424    2048      C:/BioDSZ/asset/dummy.file
    007E  ZNULL7D.BIN;1    1         425       425    2048      C:/BioDSZ/asset/dummy.file
    007F  ZNULL7E.BIN;1    1         426       426    2048      C:/BioDSZ/asset/dummy.file
    0080  ZNULL7F.BIN;1    1         427       427    2048      C:/BioDSZ/asset/dummy.file
    End   BSS
    Dir   DATA             3         428       428    6144       
    0000  CLEAR1.PIX;1     75        431       431    153600    C:/BioDSZ/disc/DATA/CLEAR1.PIX
    0001  CLEAR2.PIX;1     75        506       506    153600    C:/BioDSZ/disc/DATA/CLEAR2.PIX
    0002  COLOR.TIM;1      75        581       581    153600    C:/BioDSZ/disc/DATA/COLOR.TIM
    0003  CONFIG.TIM;1     33        656       656    66612     C:/BioDSZ/disc/DATA/CONFIG.TIM
    0004  CORE00.ESP;1     5         689       689    8572      C:/BioDSZ/disc/DATA/CORE00.ESP
    0005  CORE01.TIM;1     32        694       694    65536     C:/BioDSZ/disc/DATA/CORE01.TIM
    0006  DIED00.DIE;1     43        726       726    86952     C:/BioDSZ/disc/DATA/DIED00.DIE
    0007  DIED01.DIE;1     43        769       769    87832     C:/BioDSZ/disc/DATA/DIED01.DIE
    0008  DIED0B.DIE;1     38        812       812    77784     C:/BioDSZ/disc/DATA/DIED0B.DIE
    0009  DIED0C.DIE;1     43        850       850    87992     C:/BioDSZ/disc/DATA/DIED0C.DIE
    000A  DIED0D.DIE;1     42        893       893    85736     C:/BioDSZ/disc/DATA/DIED0D.DIE
    000B  DIED0E.DIE;1     44        935       935    88296     C:/BioDSZ/disc/DATA/DIED0E.DIE
    000C  DIED0F.DIE;1     43        979       979    87432     C:/BioDSZ/disc/DATA/DIED0F.DIE
    000D  END00.TIM;1      131       1022      1022    266272    C:/BioDSZ/disc/DATA/END00.TIM
    000E  END10.TIM;1      75        1153      1153    153600    C:/BioDSZ/disc/DATA/END10.TIM
    000F  END11.TIM;1      75        1228      1228    153600    C:/BioDSZ/disc/DATA/END11.TIM
    0010  END12.TIM;1      75        1303      1303    153600    C:/BioDSZ/disc/DATA/END12.TIM
    0011  END13.TIM;1      75        1378      1378    153600    C:/BioDSZ/disc/DATA/END13.TIM
    0012  END14.TIM;1      75        1453      1453    153600    C:/BioDSZ/disc/DATA/END14.TIM
    0013  END15.TIM;1      75        1528      1528    153600    C:/BioDSZ/disc/DATA/END15.TIM
    0014  END16.TIM;1      75        1603      1603    153600    C:/BioDSZ/disc/DATA/END16.TIM
    0015  END17.TIM;1      75        1678      1678    153600    C:/BioDSZ/disc/DATA/END17.TIM
    0016  END18.TIM;1      75        1753      1753    153600    C:/BioDSZ/disc/DATA/END18.TIM
    0017  END19.TIM;1      17        1828      1828    32832     C:/BioDSZ/disc/DATA/END19.TIM
    0018  EXTITLE.TIM;1    76        1845      1845    153620    C:/BioDSZ/disc/DATA/EXTITLE.TIM
    0019  EXTITLE1.TIM;1   33        1921      1921    66080     C:/BioDSZ/disc/DATA/EXTITLE1.TIM
    001A  FILES.TIM;1      2567      1954      1954    5257216   C:/BioDSZ/disc/DATA/FILES.TIM
    001B  GWARNING.TIM;1   76        4521      4521    153620    C:/BioDSZ/disc/DATA/GWARNING.TIM
    001C  INIT_TBL.DAT;1   6         4597      4597    11664     C:/BioDSZ/disc/DATA/INIT_TBL.DAT
    001D  ITEMALL.PIX;1    63        4603      4603    127200    C:/BioDSZ/disc/DATA/ITEMALL.PIX
    001E  ITPS.ITP;1       600       4666      4666    1228800   C:/BioDSZ/disc/DATA/ITPS.ITP
    001F  MAPS.PIX;1       320       5266      5266    655360    C:/BioDSZ/disc/DATA/MAPS.PIX
    0020  MIX.PIX;1        9         5586      5586    16800     C:/BioDSZ/disc/DATA/MIX.PIX
    0021  OPEN00.TIM;1     51        5595      5595    102944    C:/BioDSZ/disc/DATA/OPEN00.TIM
    0022  OPEN01.TIM;1     76        5646      5646    154656    C:/BioDSZ/disc/DATA/OPEN01.TIM
    0023  OPEN02.TIM;1     37        5722      5722    74016     C:/BioDSZ/disc/DATA/OPEN02.TIM
    0024  OPEN03.TIM;1     33        5759      5759    65600     C:/BioDSZ/disc/DATA/OPEN03.TIM
    0025  OPEN04.TIM;1     33        5792      5792    65600     C:/BioDSZ/disc/DATA/OPEN04.TIM
    0026  OPEN05.TIM;1     17        5825      5825    32832     C:/BioDSZ/disc/DATA/OPEN05.TIM
    0027  OPEN06.TIM;1     5         5842      5842    8736      C:/BioDSZ/disc/DATA/OPEN06.TIM
    0028  OPEN07.TIM;1     17        5847      5847    33312     C:/BioDSZ/disc/DATA/OPEN07.TIM
    0029  OPEN10.TIM;1     75        5864      5864    153600    C:/BioDSZ/disc/DATA/OPEN10.TIM
    002A  OPEN11.TIM;1     75        5939      5939    153600    C:/BioDSZ/disc/DATA/OPEN11.TIM
    002B  OPEN12.TIM;1     75        6014      6014    153600    C:/BioDSZ/disc/DATA/OPEN12.TIM
    002C  OPEN13.TIM;1     75        6089      6089    153600    C:/BioDSZ/disc/DATA/OPEN13.TIM
    002D  OPEN14.TIM;1     75        6164      6164    153600    C:/BioDSZ/disc/DATA/OPEN14.TIM
    002E  OPNC.CPT;1       9         6239      6239    17454     C:/BioDSZ/disc/DATA/OPNC.CPT
    002F  OPNL.CPT;1       9         6248      6248    17969     C:/BioDSZ/disc/DATA/OPNL.CPT
    0030  OPNW.CPT;1       12        6257      6257    23563     C:/BioDSZ/disc/DATA/OPNW.CPT
    0031  PADDDSU.TIM;1    75        6269      6269    153600    C:/BioDSZ/disc/DATA/PADDDSU.TIM
    0032  PADDU.TIM;1      75        6344      6344    153600    C:/BioDSZ/disc/DATA/PADDU.TIM
    0033  R108.CPT;1       4         6419      6419    7672      C:/BioDSZ/disc/DATA/R108.CPT
    0034  R204C16.PIX;1    8         6423      6423    16384     C:/BioDSZ/disc/DATA/R204C16.PIX
    0035  R204L16.PIX;1    8         6431      6431    16384     C:/BioDSZ/disc/DATA/R204L16.PIX
    0036  R40X.CPT;1       17        6439      6439    34701     C:/BioDSZ/disc/DATA/R40X.CPT
    0037  R700C.CPT;1      12        6456      6456    24462     C:/BioDSZ/disc/DATA/R700C.CPT
    0038  R700L.CPT;1      6         6468      6468    10628     C:/BioDSZ/disc/DATA/R700L.CPT
    0039  R703C.CPT;1      7         6474      6474    13547     C:/BioDSZ/disc/DATA/R703C.CPT
    003A  R703L.CPT;1      11        6481      6481    21544     C:/BioDSZ/disc/DATA/R703L.CPT
    003B  R704C.CPT;1      22        6492      6492    44206     C:/BioDSZ/disc/DATA/R704C.CPT
    003C  R704L.CPT;1      22        6514      6514    43064     C:/BioDSZ/disc/DATA/R704L.CPT
    003D  RES_MOJI.TIM;1   33        6536      6536    66080     C:/BioDSZ/disc/DATA/RES_MOJI.TIM
    003E  RESULT.TIM;1     76        6569      6569    153620    C:/BioDSZ/disc/DATA/RESULT.TIM
    003F  SELECT.TIM;1     33        6645      6645    66080     C:/BioDSZ/disc/DATA/SELECT.TIM
    0040  SELECTH.TIM;1    76        6678      6678    153620    C:/BioDSZ/disc/DATA/SELECTH.TIM
    0041  SELECTH2.TIM;1   33        6754      6754    66080     C:/BioDSZ/disc/DATA/SELECTH2.TIM
    0042  SELECTH3.TIM;1   33        6787      6787    66080     C:/BioDSZ/disc/DATA/SELECTH3.TIM
    0043  SELECT_B.TIM;1   76        6820      6820    153620    C:/BioDSZ/disc/DATA/SELECT_B.TIM
    0044  SELECT_W.TIM;1   33        6896      6896    66612     C:/BioDSZ/disc/DATA/SELECT_W.TIM
    0045  SPY_LOGO.TIM;1   33        6929      6929    66592     C:/BioDSZ/disc/DATA/SPY_LOGO.TIM
    0046  ST0.TIM;1        38        6962      6962    77536     C:/BioDSZ/disc/DATA/ST0.TIM
    0047  ST1.TIM;1        38        7000      7000    77536     C:/BioDSZ/disc/DATA/ST1.TIM
    0048  ST1_.TIM;1       38        7038      7038    77536     C:/BioDSZ/disc/DATA/ST1_.TIM
    0049  ST1_FONT.TIM;1   17        7076      7076    32928     C:/BioDSZ/disc/DATA/ST1_FONT.TIM
    004A  ST2_FONT.TIM;1   17        7093      7093    32928     C:/BioDSZ/disc/DATA/ST2_FONT.TIM
    004B  ST3_FONT.TIM;1   17        7110      7110    32928     C:/BioDSZ/disc/DATA/ST3_FONT.TIM
    004C  ST4_FONT.TIM;1   17        7127      7127    32928     C:/BioDSZ/disc/DATA/ST4_FONT.TIM
    004D  ST5_FONT.TIM;1   17        7144      7144    32928     C:/BioDSZ/disc/DATA/ST5_FONT.TIM
    004E  ST6_FONT.TIM;1   17        7161      7161    32928     C:/BioDSZ/disc/DATA/ST6_FONT.TIM
    004F  ST7_FONT.TIM;1   17        7178      7178    32928     C:/BioDSZ/disc/DATA/ST7_FONT.TIM
    0050  ST_FILE.TIM;1    17        7195      7195    34336     C:/BioDSZ/disc/DATA/ST_FILE.TIM
    0051  ST_FILE.TM2;1    1         7212      7212    372       C:/BioDSZ/disc/DATA/ST_FILE.TM2
    0052  ST_FILE.TS;1     11        7213      7213    21752     C:/BioDSZ/disc/DATA/ST_FILE.TS
    0053  ST_MOJI.TIM;1    5         7224      7224    9824      C:/BioDSZ/disc/DATA/ST_MOJI.TIM
    0054  STG.NXT;1        13        7229      7229    25512     C:/BioDSZ/disc/DATA/STG.NXT
    0055  TEX.TIM;1        65        7242      7242    132320    C:/BioDSZ/disc/DATA/TEX.TIM
    0056  TEX_PAL.TIM;1    65        7307      7307    132320    C:/BioDSZ/disc/DATA/TEX_PAL.TIM
    0057  TITLE_O.TIM;1    76        7372      7372    153620    C:/BioDSZ/disc/DATA/TITLE_O.TIM
    0058  TITLE_O2.TIM;1   76        7448      7448    153620    C:/BioDSZ/disc/DATA/TITLE_O2.TIM
    0059  TIT_BG.TIM;1     76        7524      7524    153620    C:/BioDSZ/disc/DATA/TIT_BG.TIM
    005A  TMOJI.TIM;1      49        7600      7600    99360     C:/BioDSZ/disc/DATA/TMOJI.TIM
    005B  TOFULOGO.TIM;1   33        7649      7649    66592     C:/BioDSZ/disc/DATA/TOFULOGO.TIM
    005C  TYPE00.PIX;1     75        7682      7682    153600    C:/BioDSZ/disc/DATA/TYPE00.PIX
    005D  WARNING.TIM;1    76        7757      7757    153620    C:/BioDSZ/disc/DATA/WARNING.TIM
    End   DATA
    Dir   BIO2             2         7833      7833    4096       
    0000  BSS01.CDX;1      10177     7835      7835    20842496  C:/BioDSZ/disc/BIO2/BSS01.CDX
    0001  BSS02.CDX;1      8417      18012     18012    17238016  C:/BioDSZ/disc/BIO2/BSS02.CDX
    0002  BSS03.CDX;1      3617      26429     26429    7407616   C:/BioDSZ/disc/BIO2/BSS03.CDX
    0003  BSS04.CDX;1      5249      30046     30046    10749952  C:/BioDSZ/disc/BIO2/BSS04.CDX
    0004  BSS05.CDX;1      3425      35295     35295    7014400   C:/BioDSZ/disc/BIO2/BSS05.CDX
    0005  BSS06.CDX;1      8001      38720     38720    16386048  C:/BioDSZ/disc/BIO2/BSS06.CDX
    0006  BSS07.CDX;1      2369      46721     46721    4851712   C:/BioDSZ/disc/BIO2/BSS07.CDX
    0007  DO2.CDX;1        1722      49090     49090    3526656   C:/BioDSZ/disc/BIO2/DO2.CDX
    0008  EMD00.CDX;1      5603      50812     50812    11473136  C:/BioDSZ/disc/BIO2/EMD00.CDX
    0009  EMD01.CDX;1      5607      56415     56415    11481328  C:/BioDSZ/disc/BIO2/EMD01.CDX
    000A  PLD.CDX;1        1406      62022     62022    2879488   C:/BioDSZ/disc/BIO2/PLD.CDX
    000B  PLW00.CDX;1      240       63428     63428    491520    C:/BioDSZ/disc/BIO2/PLW00.CDX
    000C  PLW01.CDX;1      218       63668     63668    446464    C:/BioDSZ/disc/BIO2/PLW01.CDX
    000D  PLW02.CDX;1      240       63886     63886    491520    C:/BioDSZ/disc/BIO2/PLW02.CDX
    000E  PLW03.CDX;1      218       64126     64126    446464    C:/BioDSZ/disc/BIO2/PLW03.CDX
    000F  PLW04.CDX;1      240       64344     64344    491520    C:/BioDSZ/disc/BIO2/PLW04.CDX
    0010  PLW05.CDX;1      218       64584     64584    446464    C:/BioDSZ/disc/BIO2/PLW05.CDX
    0011  PLW06.CDX;1      240       64802     64802    491520    C:/BioDSZ/disc/BIO2/PLW06.CDX
    0012  PLW07.CDX;1      218       65042     65042    446464    C:/BioDSZ/disc/BIO2/PLW07.CDX
    0013  PLW08.CDX;1      240       65260     65260    491520    C:/BioDSZ/disc/BIO2/PLW08.CDX
    0014  PLW09.CDX;1      218       65500     65500    446464    C:/BioDSZ/disc/BIO2/PLW09.CDX
    0015  PLW0A.CDX;1      240       65718     65718    491520    C:/BioDSZ/disc/BIO2/PLW0A.CDX
    0016  PLW0B.CDX;1      240       65958     65958    491520    C:/BioDSZ/disc/BIO2/PLW0B.CDX
    0017  PLW0C.CDX;1      170       66198     66198    348160    C:/BioDSZ/disc/BIO2/PLW0C.CDX
    0018  PLW0D.CDX;1      52        66368     66368    106496    C:/BioDSZ/disc/BIO2/PLW0D.CDX
    0019  PLW0E.CDX;1      218       66420     66420    446464    C:/BioDSZ/disc/BIO2/PLW0E.CDX
    001A  PLW0F.CDX;1      14        66638     66638    28672     C:/BioDSZ/disc/BIO2/PLW0F.CDX
    001B  SNDARMS.CDX;1    343       66652     66652    702464    C:/BioDSZ/disc/BIO2/SNDARMS.CDX
    001C  SNDCORE.CDX;1    851       66995     66995    1742848   C:/BioDSZ/disc/BIO2/SNDCORE.CDX
    001D  SNDEMD.CDX;1     3269      67846     67846    6694912   C:/BioDSZ/disc/BIO2/SNDEMD.CDX
    001E  SNDMAIN.CDX;1    4242      71115     71115    8687616   C:/BioDSZ/disc/BIO2/SNDMAIN.CDX
    001F  SNDSUB.CDX;1     3404      75357     75357    6971392   C:/BioDSZ/disc/BIO2/SNDSUB.CDX
    0020  STG0001.CDX;1    2238      78761     78761    4583424   C:/BioDSZ/disc/BIO2/STG0001.CDX
    0021  STG0002.CDX;1    2016      80999     80999    4128768   C:/BioDSZ/disc/BIO2/STG0002.CDX
    0022  STG0003.CDX;1    1152      83015     83015    2359296   C:/BioDSZ/disc/BIO2/STG0003.CDX
    0023  STG0004.CDX;1    1652      84167     84167    3383296   C:/BioDSZ/disc/BIO2/STG0004.CDX
    0024  STG0005.CDX;1    714       85819     85819    1462272   C:/BioDSZ/disc/BIO2/STG0005.CDX
    0025  STG0006.CDX;1    2130      86533     86533    4362240   C:/BioDSZ/disc/BIO2/STG0006.CDX
    0026  STG0007.CDX;1    518       88663     88663    1060864   C:/BioDSZ/disc/BIO2/STG0007.CDX
    0027  STG0101.CDX;1    2242      89181     89181    4591616   C:/BioDSZ/disc/BIO2/STG0101.CDX
    0028  STG0102.CDX;1    2000      91423     91423    4096000   C:/BioDSZ/disc/BIO2/STG0102.CDX
    0029  STG0103.CDX;1    1172      93423     93423    2400256   C:/BioDSZ/disc/BIO2/STG0103.CDX
    002A  STG0104.CDX;1    1702      94595     94595    3485696   C:/BioDSZ/disc/BIO2/STG0104.CDX
    002B  STG0105.CDX;1    692       96297     96297    1417216   C:/BioDSZ/disc/BIO2/STG0105.CDX
    002C  STG0106.CDX;1    2010      96989     96989    4116480   C:/BioDSZ/disc/BIO2/STG0106.CDX
    002D  STG0107.CDX;1    514       98999     98999    1052672   C:/BioDSZ/disc/BIO2/STG0107.CDX
    End   BIO2
    0004  PSX.EXE;1        993       99513     99513    2033664   C:/BioDSZ/disc/PSX.EXE
    0005  SYSTEM.CNF;1     1         100506    100506    66        C:/BioDSZ/disc/SYSTEM.CNF
    0006  ZNULL.DAT;1      18088     100507    100507    37044044  C:/BioDSZ/utility/znull/znull.bin
