C:\BIODSZ\DISC\BINARY\AREA.BIN	0x00004000	0x0018	0x00	0x00
C:\BIODSZ\DISC\BINARY\BOOT.BIN	0x00006B24	0x0020	0x00	0x00
C:\BIODSZ\DISC\BINARY\DEBUG.BIN	0x00003000	0x002E	0x00	0x00
C:\BIODSZ\DISC\BINARY\DIEDEMO.BIN	0x00004000	0x0034	0x00	0x00
C:\BIODSZ\DISC\BINARY\ZNULL04.BIN	0x00000800	0x003C	0x00	0x00
C:\BIODSZ\DISC\BINARY\ZNULL05.BIN	0x00000800	0x003D	0x00	0x00
C:\BIODSZ\DISC\BINARY\ZNULL06.BIN	0x00000800	0x003E	0x00	0x00
C:\BIODSZ\DISC\BINARY\ZNULL07.BIN	0x00000800	0x003F	0x00	0x00
C:\BIODSZ\DISC\BINARY\ZNULL08.BIN	0x00000800	0x0040	0x00	0x00
C:\BIODSZ\DISC\BINARY\ZNULL09.BIN	0x00000800	0x0041	0x00	0x00
C:\BIODSZ\DISC\BINARY\ZNULL0A.BIN	0x00000800	0x0042	0x00	0x00
C:\BIODSZ\DISC\BINARY\ZNULL0B.BIN	0x00000800	0x0043	0x00	0x00
C:\BIODSZ\DISC\BINARY\ZNULL0C.BIN	0x00000800	0x0044	0x00	0x00
C:\BIODSZ\DISC\BSS\ZERO.TIM	0x00025818	0x0049	0x00	0x00
C:\BIODSZ\DISC\BSS\BH2PTIT.TIM	0x00025814	0x0095	0x00	0x00
C:\BIODSZ\DISC\BSS\BH3TIT.TIM	0x00025814	0x00E1	0x00	0x00
C:\BIODSZ\DISC\BSS\CAPCOM.TIM	0x00025814	0x012D	0x00	0x00
C:\BIODSZ\DISC\BSS\YOUDIED.TIM	0x00010220	0x0179	0x00	0x00
C:\BIODSZ\ASSET\DUMMY.FILE	0x00000800	0x019A	0x00	0x00
C:\BIODSZ\ASSET\DUMMY.FILE	0x00000800	0x019B	0x00	0x00
C:\BIODSZ\ASSET\DUMMY.FILE	0x00000800	0x019C	0x00	0x00
C:\BIODSZ\ASSET\DUMMY.FILE	0x00000800	0x019D	0x00	0x00
C:\BIODSZ\ASSET\DUMMY.FILE	0x00000800	0x019E	0x00	0x00
C:\BIODSZ\ASSET\DUMMY.FILE	0x00000800	0x019F	0x00	0x00
C:\BIODSZ\ASSET\DUMMY.FILE	0x00000800	0x01A0	0x00	0x00
C:\BIODSZ\ASSET\DUMMY.FILE	0x00000800	0x01A1	0x00	0x00
C:\BIODSZ\ASSET\DUMMY.FILE	0x00000800	0x01A2	0x00	0x00
C:\BIODSZ\ASSET\DUMMY.FILE	0x00000800	0x01A3	0x00	0x00
C:\BIODSZ\ASSET\DUMMY.FILE	0x00000800	0x01A4	0x00	0x00
C:\BIODSZ\ASSET\DUMMY.FILE	0x00000800	0x01A5	0x00	0x00
C:\BIODSZ\ASSET\DUMMY.FILE	0x00000800	0x01A6	0x00	0x00
C:\BIODSZ\ASSET\DUMMY.FILE	0x00000800	0x01A7	0x00	0x00
C:\BIODSZ\ASSET\DUMMY.FILE	0x00000800	0x01A8	0x00	0x00
C:\BIODSZ\ASSET\DUMMY.FILE	0x00000800	0x01A9	0x00	0x00
C:\BIODSZ\ASSET\DUMMY.FILE	0x00000800	0x01AA	0x00	0x00
C:\BIODSZ\ASSET\DUMMY.FILE	0x00000800	0x01AB	0x00	0x00
C:\BIODSZ\ASSET\DUMMY.FILE	0x00000800	0x01AC	0x00	0x00
C:\BIODSZ\ASSET\DUMMY.FILE	0x00000800	0x01AD	0x00	0x00
C:\BIODSZ\ASSET\DUMMY.FILE	0x00000800	0x01AE	0x00	0x00
C:\BIODSZ\ASSET\DUMMY.FILE	0x00000800	0x01AF	0x00	0x00
C:\BIODSZ\ASSET\DUMMY.FILE	0x00000800	0x01B0	0x00	0x00
C:\BIODSZ\ASSET\DUMMY.FILE	0x00000800	0x01B1	0x00	0x00
C:\BIODSZ\ASSET\DUMMY.FILE	0x00000800	0x01B2	0x00	0x00
C:\BIODSZ\ASSET\DUMMY.FILE	0x00000800	0x01B3	0x00	0x00
C:\BIODSZ\ASSET\DUMMY.FILE	0x00000800	0x01B4	0x00	0x00
C:\BIODSZ\ASSET\DUMMY.FILE	0x00000800	0x01B5	0x00	0x00
C:\BIODSZ\ASSET\DUMMY.FILE	0x00000800	0x01B6	0x00	0x00
C:\BIODSZ\ASSET\DUMMY.FILE	0x00000800	0x01B7	0x00	0x00
C:\BIODSZ\ASSET\DUMMY.FILE	0x00000800	0x01B8	0x00	0x00
C:\BIODSZ\ASSET\DUMMY.FILE	0x00000800	0x01B9	0x00	0x00
C:\BIODSZ\ASSET\DUMMY.FILE	0x00000800	0x01BA	0x00	0x00
C:\BIODSZ\ASSET\DUMMY.FILE	0x00000800	0x01BB	0x00	0x00
C:\BIODSZ\ASSET\DUMMY.FILE	0x00000800	0x01BC	0x00	0x00
C:\BIODSZ\ASSET\DUMMY.FILE	0x00000800	0x01BD	0x00	0x00
C:\BIODSZ\ASSET\DUMMY.FILE	0x00000800	0x01BE	0x00	0x00
C:\BIODSZ\ASSET\DUMMY.FILE	0x00000800	0x01BF	0x00	0x00
C:\BIODSZ\ASSET\DUMMY.FILE	0x00000800	0x01C0	0x00	0x00
C:\BIODSZ\ASSET\DUMMY.FILE	0x00000800	0x01C1	0x00	0x00
C:\BIODSZ\ASSET\DUMMY.FILE	0x00000800	0x01C2	0x00	0x00
C:\BIODSZ\ASSET\DUMMY.FILE	0x00000800	0x01C3	0x00	0x00
C:\BIODSZ\ASSET\DUMMY.FILE	0x00000800	0x01C4	0x00	0x00
C:\BIODSZ\ASSET\DUMMY.FILE	0x00000800	0x01C5	0x00	0x00
C:\BIODSZ\ASSET\DUMMY.FILE	0x00000800	0x01C6	0x00	0x00
C:\BIODSZ\ASSET\DUMMY.FILE	0x00000800	0x01C7	0x00	0x00
C:\BIODSZ\ASSET\DUMMY.FILE	0x00000800	0x01C8	0x00	0x00
C:\BIODSZ\ASSET\DUMMY.FILE	0x00000800	0x01C9	0x00	0x00
C:\BIODSZ\ASSET\DUMMY.FILE	0x00000800	0x01CA	0x00	0x00
C:\BIODSZ\ASSET\DUMMY.FILE	0x00000800	0x01CB	0x00	0x00
C:\BIODSZ\ASSET\DUMMY.FILE	0x00000800	0x01CC	0x00	0x00
C:\BIODSZ\ASSET\DUMMY.FILE	0x00000800	0x01CD	0x00	0x00
C:\BIODSZ\ASSET\DUMMY.FILE	0x00000800	0x01CE	0x00	0x00
C:\BIODSZ\ASSET\DUMMY.FILE	0x00000800	0x01CF	0x00	0x00
C:\BIODSZ\ASSET\DUMMY.FILE	0x00000800	0x01D0	0x00	0x00
C:\BIODSZ\ASSET\DUMMY.FILE	0x00000800	0x01D1	0x00	0x00
C:\BIODSZ\ASSET\DUMMY.FILE	0x00000800	0x01D2	0x00	0x00
C:\BIODSZ\ASSET\DUMMY.FILE	0x00000800	0x01D3	0x00	0x00
C:\BIODSZ\ASSET\DUMMY.FILE	0x00000800	0x01D4	0x00	0x00
C:\BIODSZ\ASSET\DUMMY.FILE	0x00000800	0x01D5	0x00	0x00
C:\BIODSZ\ASSET\DUMMY.FILE	0x00000800	0x01D6	0x00	0x00
C:\BIODSZ\ASSET\DUMMY.FILE	0x00000800	0x01D7	0x00	0x00
C:\BIODSZ\ASSET\DUMMY.FILE	0x00000800	0x01D8	0x00	0x00
C:\BIODSZ\ASSET\DUMMY.FILE	0x00000800	0x01D9	0x00	0x00
C:\BIODSZ\ASSET\DUMMY.FILE	0x00000800	0x01DA	0x00	0x00
C:\BIODSZ\ASSET\DUMMY.FILE	0x00000800	0x01DB	0x00	0x00
C:\BIODSZ\ASSET\DUMMY.FILE	0x00000800	0x01DC	0x00	0x00
C:\BIODSZ\ASSET\DUMMY.FILE	0x00000800	0x01DD	0x00	0x00
C:\BIODSZ\ASSET\DUMMY.FILE	0x00000800	0x01DE	0x00	0x00
C:\BIODSZ\ASSET\DUMMY.FILE	0x00000800	0x01DF	0x00	0x00
C:\BIODSZ\ASSET\DUMMY.FILE	0x00000800	0x01E0	0x00	0x00
C:\BIODSZ\ASSET\DUMMY.FILE	0x00000800	0x01E1	0x00	0x00
C:\BIODSZ\ASSET\DUMMY.FILE	0x00000800	0x01E2	0x00	0x00
C:\BIODSZ\ASSET\DUMMY.FILE	0x00000800	0x01E3	0x00	0x00
C:\BIODSZ\ASSET\DUMMY.FILE	0x00000800	0x01E4	0x00	0x00
C:\BIODSZ\ASSET\DUMMY.FILE	0x00000800	0x01E5	0x00	0x00
C:\BIODSZ\ASSET\DUMMY.FILE	0x00000800	0x01E6	0x00	0x00
C:\BIODSZ\ASSET\DUMMY.FILE	0x00000800	0x01E7	0x00	0x00
C:\BIODSZ\ASSET\DUMMY.FILE	0x00000800	0x01E8	0x00	0x00
C:\BIODSZ\ASSET\DUMMY.FILE	0x00000800	0x01E9	0x00	0x00
C:\BIODSZ\ASSET\DUMMY.FILE	0x00000800	0x01EA	0x00	0x00
C:\BIODSZ\ASSET\DUMMY.FILE	0x00000800	0x01EB	0x00	0x00
C:\BIODSZ\ASSET\DUMMY.FILE	0x00000800	0x01EC	0x00	0x00
C:\BIODSZ\ASSET\DUMMY.FILE	0x00000800	0x01ED	0x00	0x00
C:\BIODSZ\ASSET\DUMMY.FILE	0x00000800	0x01EE	0x00	0x00
C:\BIODSZ\ASSET\DUMMY.FILE	0x00000800	0x01EF	0x00	0x00
C:\BIODSZ\ASSET\DUMMY.FILE	0x00000800	0x01F0	0x00	0x00
C:\BIODSZ\ASSET\DUMMY.FILE	0x00000800	0x01F1	0x00	0x00
C:\BIODSZ\ASSET\DUMMY.FILE	0x00000800	0x01F2	0x00	0x00
C:\BIODSZ\ASSET\DUMMY.FILE	0x00000800	0x01F3	0x00	0x00
C:\BIODSZ\ASSET\DUMMY.FILE	0x00000800	0x01F4	0x00	0x00
C:\BIODSZ\ASSET\DUMMY.FILE	0x00000800	0x01F5	0x00	0x00
C:\BIODSZ\ASSET\DUMMY.FILE	0x00000800	0x01F6	0x00	0x00
C:\BIODSZ\ASSET\DUMMY.FILE	0x00000800	0x01F7	0x00	0x00
C:\BIODSZ\ASSET\DUMMY.FILE	0x00000800	0x01F8	0x00	0x00
C:\BIODSZ\ASSET\DUMMY.FILE	0x00000800	0x01F9	0x00	0x00
C:\BIODSZ\ASSET\DUMMY.FILE	0x00000800	0x01FA	0x00	0x00
C:\BIODSZ\ASSET\DUMMY.FILE	0x00000800	0x01FB	0x00	0x00
C:\BIODSZ\ASSET\DUMMY.FILE	0x00000800	0x01FC	0x00	0x00
C:\BIODSZ\ASSET\DUMMY.FILE	0x00000800	0x01FD	0x00	0x00
C:\BIODSZ\ASSET\DUMMY.FILE	0x00000800	0x01FE	0x00	0x00
C:\BIODSZ\ASSET\DUMMY.FILE	0x00000800	0x01FF	0x00	0x00
C:\BIODSZ\ASSET\DUMMY.FILE	0x00000800	0x0200	0x00	0x00
C:\BIODSZ\ASSET\DUMMY.FILE	0x00000800	0x0201	0x00	0x00
C:\BIODSZ\ASSET\DUMMY.FILE	0x00000800	0x0202	0x00	0x00
C:\BIODSZ\ASSET\DUMMY.FILE	0x00000800	0x0203	0x00	0x00
C:\BIODSZ\ASSET\DUMMY.FILE	0x00000800	0x0204	0x00	0x00
C:\BIODSZ\ASSET\DUMMY.FILE	0x00000800	0x0205	0x00	0x00
C:\BIODSZ\ASSET\DUMMY.FILE	0x00000800	0x0206	0x00	0x00
C:\BIODSZ\ASSET\DUMMY.FILE	0x00000800	0x0207	0x00	0x00
C:\BIODSZ\ASSET\DUMMY.FILE	0x00000800	0x0208	0x00	0x00
C:\BIODSZ\ASSET\DUMMY.FILE	0x00000800	0x0209	0x00	0x00
C:\BIODSZ\ASSET\DUMMY.FILE	0x00000800	0x020A	0x00	0x00
C:\BIODSZ\ASSET\DUMMY.FILE	0x00000800	0x020B	0x00	0x00
C:\BIODSZ\ASSET\DUMMY.FILE	0x00000800	0x020C	0x00	0x00
C:\BIODSZ\ASSET\DUMMY.FILE	0x00000800	0x020D	0x00	0x00
C:\BIODSZ\ASSET\DUMMY.FILE	0x00000800	0x020E	0x00	0x00
C:\BIODSZ\ASSET\DUMMY.FILE	0x00000800	0x020F	0x00	0x00
C:\BIODSZ\ASSET\DUMMY.FILE	0x00000800	0x0210	0x00	0x00
C:\BIODSZ\ASSET\DUMMY.FILE	0x00000800	0x0211	0x00	0x00
C:\BIODSZ\ASSET\DUMMY.FILE	0x00000800	0x0212	0x00	0x00
C:\BIODSZ\ASSET\DUMMY.FILE	0x00000800	0x0213	0x00	0x00
C:\BIODSZ\DISC\DATA\CLEAR1.PIX	0x00025800	0x0217	0x00	0x00
C:\BIODSZ\DISC\DATA\CLEAR2.PIX	0x00025800	0x0262	0x00	0x00
C:\BIODSZ\DISC\DATA\COLOR.TIM	0x00025800	0x02AD	0x00	0x00
C:\BIODSZ\DISC\DATA\CONFIG.TIM	0x00010434	0x02F8	0x00	0x00
C:\BIODSZ\DISC\DATA\CORE00.ESP	0x0000217C	0x0319	0x00	0x00
C:\BIODSZ\DISC\DATA\CORE01.TIM	0x00010000	0x031E	0x00	0x00
C:\BIODSZ\DISC\DATA\DIED00.DIE	0x000153A8	0x033E	0x00	0x00
C:\BIODSZ\DISC\DATA\DIED01.DIE	0x00015718	0x0369	0x00	0x00
C:\BIODSZ\DISC\DATA\DIED0B.DIE	0x00012FD8	0x0394	0x00	0x00
C:\BIODSZ\DISC\DATA\DIED0C.DIE	0x000157B8	0x03BA	0x00	0x00
C:\BIODSZ\DISC\DATA\DIED0D.DIE	0x00014EE8	0x03E5	0x00	0x00
C:\BIODSZ\DISC\DATA\DIED0E.DIE	0x000158E8	0x040F	0x00	0x00
C:\BIODSZ\DISC\DATA\DIED0F.DIE	0x00015588	0x043B	0x00	0x00
C:\BIODSZ\DISC\DATA\END00.TIM	0x00041020	0x0466	0x00	0x00
C:\BIODSZ\DISC\DATA\END10.TIM	0x00025800	0x04E9	0x00	0x00
C:\BIODSZ\DISC\DATA\END11.TIM	0x00025800	0x0534	0x00	0x00
C:\BIODSZ\DISC\DATA\END12.TIM	0x00025800	0x057F	0x00	0x00
C:\BIODSZ\DISC\DATA\END13.TIM	0x00025800	0x05CA	0x00	0x00
C:\BIODSZ\DISC\DATA\END14.TIM	0x00025800	0x0615	0x00	0x00
C:\BIODSZ\DISC\DATA\END15.TIM	0x00025800	0x0660	0x00	0x00
C:\BIODSZ\DISC\DATA\END16.TIM	0x00025800	0x06AB	0x00	0x00
C:\BIODSZ\DISC\DATA\END17.TIM	0x00025800	0x06F6	0x00	0x00
C:\BIODSZ\DISC\DATA\END18.TIM	0x00025800	0x0741	0x00	0x00
C:\BIODSZ\DISC\DATA\END19.TIM	0x00000800	0x078C	0x00	0x00
C:\BIODSZ\DISC\DATA\EXTITLE.TIM	0x00000800	0x078D	0x00	0x00
C:\BIODSZ\DISC\DATA\EXTITLE1.TIM	0x00000800	0x078E	0x00	0x00
C:\BIODSZ\DISC\DATA\FILES.TIM	0x00503800	0x078F	0x00	0x00
C:\BIODSZ\DISC\DATA\GWARNING.TIM	0x00000800	0x1196	0x00	0x00
C:\BIODSZ\DISC\DATA\INIT_TBL.DAT	0x00000798	0x1197	0x00	0x00
C:\BIODSZ\DISC\DATA\ITEMALL.PIX	0x0001F0E0	0x1198	0x00	0x00
C:\BIODSZ\DISC\DATA\ITPS.ITP	0x0012C000	0x11D7	0x00	0x00
C:\BIODSZ\DISC\DATA\MAPS.PIX	0x000A0000	0x142F	0x00	0x00
C:\BIODSZ\DISC\DATA\MIX.PIX	0x000041A0	0x156F	0x00	0x00
C:\BIODSZ\DISC\DATA\OPEN00.TIM	0x00000800	0x1578	0x00	0x00
C:\BIODSZ\DISC\DATA\OPEN01.TIM	0x00000800	0x1579	0x00	0x00
C:\BIODSZ\DISC\DATA\OPEN02.TIM	0x00000800	0x157A	0x00	0x00
C:\BIODSZ\DISC\DATA\OPEN03.TIM	0x00000800	0x157B	0x00	0x00
C:\BIODSZ\DISC\DATA\OPEN04.TIM	0x00000800	0x157C	0x00	0x00
C:\BIODSZ\DISC\DATA\OPEN05.TIM	0x00000800	0x157D	0x00	0x00
C:\BIODSZ\DISC\DATA\OPEN06.TIM	0x00000800	0x157E	0x00	0x00
C:\BIODSZ\DISC\DATA\OPEN07.TIM	0x00000800	0x157F	0x00	0x00
C:\BIODSZ\DISC\DATA\OPEN10.TIM	0x00000800	0x1580	0x00	0x00
C:\BIODSZ\DISC\DATA\OPEN11.TIM	0x00000800	0x1581	0x00	0x00
C:\BIODSZ\DISC\DATA\OPEN12.TIM	0x00000800	0x1582	0x00	0x00
C:\BIODSZ\DISC\DATA\OPEN13.TIM	0x00000800	0x1583	0x00	0x00
C:\BIODSZ\DISC\DATA\OPEN14.TIM	0x00000800	0x1584	0x00	0x00
C:\BIODSZ\DISC\DATA\OPNC.CPT	0x00000800	0x1585	0x00	0x00
C:\BIODSZ\DISC\DATA\OPNL.CPT	0x00000800	0x1586	0x00	0x00
C:\BIODSZ\DISC\DATA\OPNW.CPT	0x00000800	0x1587	0x00	0x00
C:\BIODSZ\DISC\DATA\PADDDSU.TIM	0x00025800	0x1588	0x00	0x00
C:\BIODSZ\DISC\DATA\PADDU.TIM	0x00025800	0x15D3	0x00	0x00
C:\BIODSZ\DISC\DATA\R108.CPT	0x00000800	0x161E	0x00	0x00
C:\BIODSZ\DISC\DATA\R204C16.PIX	0x00004000	0x161F	0x00	0x00
C:\BIODSZ\DISC\DATA\R204L16.PIX	0x00004000	0x1627	0x00	0x00
C:\BIODSZ\DISC\DATA\R40X.CPT	0x00000800	0x162F	0x00	0x00
C:\BIODSZ\DISC\DATA\R700C.CPT	0x00000800	0x1630	0x00	0x00
C:\BIODSZ\DISC\DATA\R700L.CPT	0x00000800	0x1631	0x00	0x00
C:\BIODSZ\DISC\DATA\R703C.CPT	0x00000800	0x1632	0x00	0x00
C:\BIODSZ\DISC\DATA\R703L.CPT	0x00000800	0x1633	0x00	0x00
C:\BIODSZ\DISC\DATA\R704C.CPT	0x00000800	0x1634	0x00	0x00
C:\BIODSZ\DISC\DATA\R704L.CPT	0x00000800	0x1635	0x00	0x00
C:\BIODSZ\DISC\DATA\RES_MOJI.TIM	0x00010220	0x1636	0x00	0x00
C:\BIODSZ\DISC\DATA\RESULT.TIM	0x00000800	0x1657	0x00	0x00
C:\BIODSZ\DISC\DATA\SELECT.TIM	0x00000800	0x1658	0x00	0x00
C:\BIODSZ\DISC\DATA\SELECTH.TIM	0x00000800	0x1659	0x00	0x00
C:\BIODSZ\DISC\DATA\SELECTH2.TIM	0x00000800	0x165A	0x00	0x00
C:\BIODSZ\DISC\DATA\SELECTH3.TIM	0x00000800	0x165B	0x00	0x00
C:\BIODSZ\DISC\DATA\SELECT_B.TIM	0x00000800	0x165C	0x00	0x00
C:\BIODSZ\DISC\DATA\SELECT_W.TIM	0x00000800	0x165D	0x00	0x00
C:\BIODSZ\DISC\DATA\SPY_LOGO.TIM	0x00000800	0x165E	0x00	0x00
C:\BIODSZ\DISC\DATA\ST0.TIM	0x00012EE0	0x165F	0x00	0x00
C:\BIODSZ\DISC\DATA\ST1.TIM	0x00012EE0	0x1685	0x00	0x00
C:\BIODSZ\DISC\DATA\ST1_.TIM	0x00012EE0	0x16AB	0x00	0x00
C:\BIODSZ\DISC\DATA\ST1_FONT.TIM	0x000080A0	0x16D1	0x00	0x00
C:\BIODSZ\DISC\DATA\ST2_FONT.TIM	0x000080A0	0x16E2	0x00	0x00
C:\BIODSZ\DISC\DATA\ST3_FONT.TIM	0x000080A0	0x16F3	0x00	0x00
C:\BIODSZ\DISC\DATA\ST4_FONT.TIM	0x000080A0	0x1704	0x00	0x00
C:\BIODSZ\DISC\DATA\ST5_FONT.TIM	0x000080A0	0x1715	0x00	0x00
C:\BIODSZ\DISC\DATA\ST6_FONT.TIM	0x000080A0	0x1726	0x00	0x00
C:\BIODSZ\DISC\DATA\ST7_FONT.TIM	0x000080A0	0x1737	0x00	0x00
C:\BIODSZ\DISC\DATA\ST_FILE.TIM	0x00008620	0x1748	0x00	0x00
C:\BIODSZ\DISC\DATA\ST_FILE.TM2	0x00000174	0x1759	0x00	0x00
C:\BIODSZ\DISC\DATA\ST_FILE.TS	0x000054F8	0x175A	0x00	0x00
C:\BIODSZ\DISC\DATA\ST_MOJI.TIM	0x00002660	0x1765	0x00	0x00
C:\BIODSZ\DISC\DATA\STG.NXT	0x00000800	0x176A	0x00	0x00
C:\BIODSZ\DISC\DATA\TEX.TIM	0x000204E0	0x176B	0x00	0x00
C:\BIODSZ\DISC\DATA\TEX_PAL.TIM	0x00000800	0x17AC	0x00	0x00
C:\BIODSZ\DISC\DATA\TITLE_O.TIM	0x00000800	0x17AD	0x00	0x00
C:\BIODSZ\DISC\DATA\TITLE_O2.TIM	0x00000800	0x17AE	0x00	0x00
C:\BIODSZ\DISC\DATA\TIT_BG.TIM	0x00025814	0x17AF	0x00	0x00
C:\BIODSZ\DISC\DATA\TMOJI.TIM	0x00018420	0x17FB	0x00	0x00
C:\BIODSZ\DISC\DATA\TOFULOGO.TIM	0x00000800	0x182C	0x00	0x00
C:\BIODSZ\DISC\DATA\TYPE00.PIX	0x00025800	0x182D	0x00	0x00
C:\BIODSZ\DISC\DATA\WARNING.TIM	0x00000800	0x1878	0x00	0x00
C:\BIODSZ\DISC\ZERO\BSS01.CDX	0x013E0800	0x187B	0x00	0x00
C:\BIODSZ\DISC\ZERO\BSS02.CDX	0x01070800	0x403C	0x00	0x00
C:\BIODSZ\DISC\ZERO\BSS03.CDX	0x00710800	0x611D	0x00	0x00
C:\BIODSZ\DISC\ZERO\BSS04.CDX	0x00A40800	0x6F3E	0x00	0x00
C:\BIODSZ\DISC\ZERO\BSS05.CDX	0x006B0800	0x83BF	0x00	0x00
C:\BIODSZ\DISC\ZERO\BSS06.CDX	0x00FA0800	0x9120	0x00	0x00
C:\BIODSZ\DISC\ZERO\BSS07.CDX	0x004A0800	0xB061	0x00	0x00
C:\BIODSZ\DISC\ZERO\DO2.CDX	0x0035D000	0xB9A2	0x00	0x00
C:\BIODSZ\DISC\ZERO\EMD00.CDX	0x00AF10F0	0xC05C	0x00	0x00
C:\BIODSZ\DISC\ZERO\EMD01.CDX	0x00AF30F0	0xD63F	0x00	0x00
C:\BIODSZ\DISC\ZERO\PLD.CDX	0x00240000	0xEC26	0x00	0x00
C:\BIODSZ\DISC\ZERO\PLW00.CDX	0x00078000	0xF0A6	0x00	0x00
C:\BIODSZ\DISC\ZERO\PLW01.CDX	0x0006D000	0xF196	0x00	0x00
C:\BIODSZ\DISC\ZERO\PLW02.CDX	0x00078000	0xF270	0x00	0x00
C:\BIODSZ\DISC\ZERO\PLW03.CDX	0x0006D000	0xF360	0x00	0x00
C:\BIODSZ\DISC\ZERO\PLW04.CDX	0x00078000	0xF43A	0x00	0x00
C:\BIODSZ\DISC\ZERO\PLW05.CDX	0x0006D000	0xF52A	0x00	0x00
C:\BIODSZ\DISC\ZERO\PLW06.CDX	0x00078000	0xF604	0x00	0x00
C:\BIODSZ\DISC\ZERO\PLW07.CDX	0x0006D000	0xF6F4	0x00	0x00
C:\BIODSZ\DISC\ZERO\PLW08.CDX	0x00078000	0xF7CE	0x00	0x00
C:\BIODSZ\DISC\ZERO\PLW09.CDX	0x0006D000	0xF8BE	0x00	0x00
C:\BIODSZ\DISC\ZERO\PLW0A.CDX	0x00078000	0xF998	0x00	0x00
C:\BIODSZ\DISC\ZERO\PLW0B.CDX	0x00078000	0xFA88	0x00	0x00
C:\BIODSZ\DISC\ZERO\PLW0C.CDX	0x00055000	0xFB78	0x00	0x00
C:\BIODSZ\DISC\ZERO\PLW0D.CDX	0x0001A000	0xFC22	0x00	0x00
C:\BIODSZ\DISC\ZERO\PLW0E.CDX	0x0006D000	0xFC56	0x00	0x00
C:\BIODSZ\DISC\ZERO\PLW0F.CDX	0x00007000	0xFD30	0x00	0x00
C:\BIODSZ\DISC\ZERO\SNDARMS.CDX	0x000AB800	0xFD3E	0x00	0x00
C:\BIODSZ\DISC\ZERO\SNDCORE.CDX	0x001A9800	0xFE95	0x00	0x00
C:\BIODSZ\DISC\ZERO\SNDEMD.CDX	0x00662800	0x01E8	0x01	0x00
C:\BIODSZ\DISC\ZERO\SNDMAIN.CDX	0x00849000	0x0EAD	0x01	0x00
C:\BIODSZ\DISC\ZERO\SNDSUB.CDX	0x006A6000	0x1F3F	0x01	0x00
C:\BIODSZ\DISC\ZERO\STG0001.CDX	0x0045F000	0x2C8B	0x01	0x00
C:\BIODSZ\DISC\ZERO\STG0002.CDX	0x003F0000	0x3549	0x01	0x00
C:\BIODSZ\DISC\ZERO\STG0003.CDX	0x00240000	0x3D29	0x01	0x00
C:\BIODSZ\DISC\ZERO\STG0004.CDX	0x0033A000	0x41A9	0x01	0x00
C:\BIODSZ\DISC\ZERO\STG0005.CDX	0x00165000	0x481D	0x01	0x00
C:\BIODSZ\DISC\ZERO\STG0006.CDX	0x00429000	0x4AE7	0x01	0x00
C:\BIODSZ\DISC\ZERO\STG0007.CDX	0x00103000	0x5339	0x01	0x00
C:\BIODSZ\DISC\ZERO\STG0101.CDX	0x00461000	0x553F	0x01	0x00
C:\BIODSZ\DISC\ZERO\STG0102.CDX	0x003E8000	0x5E01	0x01	0x00
C:\BIODSZ\DISC\ZERO\STG0103.CDX	0x0024A000	0x65D1	0x01	0x00
C:\BIODSZ\DISC\ZERO\STG0104.CDX	0x00353000	0x6A65	0x01	0x00
C:\BIODSZ\DISC\ZERO\STG0105.CDX	0x0015A000	0x710B	0x01	0x00
C:\BIODSZ\DISC\ZERO\STG0106.CDX	0x003ED000	0x73BF	0x01	0x00
C:\BIODSZ\DISC\ZERO\STG0107.CDX	0x00101000	0x7B99	0x01	0x00
