0000 C:\BIODSZ\DISC\BINARY\BIO2.BIN	0x00000800	0x00000018
0001 C:\BIODSZ\DISC\BINARY\BOOT.BIN	0x00000800	0x00000019
0002 C:\BIODSZ\DISC\BINARY\CONFIG.BIN	0x00006C6C	0x0000001A
0003 C:\BIODSZ\DISC\BINARY\DEBUG.BIN	0x00000800	0x00000028
0004 C:\BIODSZ\DISC\BINARY\DIEDEMO.BIN	0x000038C8	0x00000029
0005 C:\BIODSZ\DISC\BINARY\ENDING.BIN	0x0000B85A	0x00000031
0006 C:\BIODSZ\DISC\BINARY\MEM_CARD.BIN	0x00005D7C	0x00000049
0007 C:\BIODSZ\DISC\BINARY\OPENING.BIN	0x000034D4	0x00000055
0008 C:\BIODSZ\DISC\BINARY\RESULT.BIN	0x000043D0	0x0000005C
0009 C:\BIODSZ\DISC\BINARY\SELECT.BIN	0x00004948	0x00000065
000A C:\BIODSZ\DISC\BINARY\TITLE.BIN	0x00007044	0x0000006F
000B C:\BIODSZ\DISC\DATA_EX\CAPCOM.TIM	0x00025814	0x00000082
000C C:\BIODSZ\DISC\DATA_EX\PDEMO00.DAT	0x00000746	0x000000CE
000D C:\BIODSZ\DISC\DATA_EX\PDEMO01.DAT	0x00000746	0x000000CF
000E C:\BIODSZ\DISC\DATA_EX\PDEMO02.DAT	0x00000746	0x000000D0
000F C:\BIODSZ\DISC\DATA_EX\PDEMO10.DAT	0x00000746	0x000000D1
0010 C:\BIODSZ\DISC\DATA_EX\PDEMO11.DAT	0x00000746	0x000000D2
0011 C:\BIODSZ\DISC\DATA_EX\PDEMO12.DAT	0x00000746	0x000000D3
0012 C:\BIODSZ\DISC\DATA_EX\ROOM800.SND	0x00009C4C	0x000000D4
0013 C:\BIODSZ\DISC\DATA_EX\TITLE_BIO2.TIM	0x00025814	0x000000E8
0014 C:\BIODSZ\ASSET\DUMMY.FILE	0x00000800	0x00000134
0015 C:\BIODSZ\ASSET\DUMMY.FILE	0x00000800	0x00000135
0016 C:\BIODSZ\ASSET\DUMMY.FILE	0x00000800	0x00000136
0017 C:\BIODSZ\ASSET\DUMMY.FILE	0x00000800	0x00000137
0018 C:\BIODSZ\ASSET\DUMMY.FILE	0x00000800	0x00000138
0019 C:\BIODSZ\ASSET\DUMMY.FILE	0x00000800	0x00000139
001A C:\BIODSZ\ASSET\DUMMY.FILE	0x00000800	0x0000013A
001B C:\BIODSZ\ASSET\DUMMY.FILE	0x00000800	0x0000013B
001C C:\BIODSZ\ASSET\DUMMY.FILE	0x00000800	0x0000013C
001D C:\BIODSZ\ASSET\DUMMY.FILE	0x00000800	0x0000013D
001E C:\BIODSZ\ASSET\DUMMY.FILE	0x00000800	0x0000013E
001F C:\BIODSZ\ASSET\DUMMY.FILE	0x00000800	0x0000013F
0020 C:\BIODSZ\ASSET\DUMMY.FILE	0x00000800	0x00000140
0021 C:\BIODSZ\ASSET\DUMMY.FILE	0x00000800	0x00000141
0022 C:\BIODSZ\ASSET\DUMMY.FILE	0x00000800	0x00000142
0023 C:\BIODSZ\ASSET\DUMMY.FILE	0x00000800	0x00000143
0024 C:\BIODSZ\ASSET\DUMMY.FILE	0x00000800	0x00000144
0025 C:\BIODSZ\ASSET\DUMMY.FILE	0x00000800	0x00000145
0026 C:\BIODSZ\ASSET\DUMMY.FILE	0x00000800	0x00000146
0027 C:\BIODSZ\ASSET\DUMMY.FILE	0x00000800	0x00000147
0028 C:\BIODSZ\ASSET\DUMMY.FILE	0x00000800	0x00000148
0029 C:\BIODSZ\ASSET\DUMMY.FILE	0x00000800	0x00000149
002A C:\BIODSZ\ASSET\DUMMY.FILE	0x00000800	0x0000014A
002B C:\BIODSZ\ASSET\DUMMY.FILE	0x00000800	0x0000014B
002C C:\BIODSZ\ASSET\DUMMY.FILE	0x00000800	0x0000014C
002D C:\BIODSZ\ASSET\DUMMY.FILE	0x00000800	0x0000014D
002E C:\BIODSZ\ASSET\DUMMY.FILE	0x00000800	0x0000014E
002F C:\BIODSZ\ASSET\DUMMY.FILE	0x00000800	0x0000014F
0030 C:\BIODSZ\ASSET\DUMMY.FILE	0x00000800	0x00000150
0031 C:\BIODSZ\ASSET\DUMMY.FILE	0x00000800	0x00000151
0032 C:\BIODSZ\ASSET\DUMMY.FILE	0x00000800	0x00000152
0033 C:\BIODSZ\ASSET\DUMMY.FILE	0x00000800	0x00000153
0034 C:\BIODSZ\ASSET\DUMMY.FILE	0x00000800	0x00000154
0035 C:\BIODSZ\ASSET\DUMMY.FILE	0x00000800	0x00000155
0036 C:\BIODSZ\ASSET\DUMMY.FILE	0x00000800	0x00000156
0037 C:\BIODSZ\ASSET\DUMMY.FILE	0x00000800	0x00000157
0038 C:\BIODSZ\ASSET\DUMMY.FILE	0x00000800	0x00000158
0039 C:\BIODSZ\ASSET\DUMMY.FILE	0x00000800	0x00000159
003A C:\BIODSZ\ASSET\DUMMY.FILE	0x00000800	0x0000015A
003B C:\BIODSZ\ASSET\DUMMY.FILE	0x00000800	0x0000015B
003C C:\BIODSZ\ASSET\DUMMY.FILE	0x00000800	0x0000015C
003D C:\BIODSZ\ASSET\DUMMY.FILE	0x00000800	0x0000015D
003E C:\BIODSZ\ASSET\DUMMY.FILE	0x00000800	0x0000015E
003F C:\BIODSZ\ASSET\DUMMY.FILE	0x00000800	0x0000015F
0040 C:\BIODSZ\ASSET\DUMMY.FILE	0x00000800	0x00000160
0041 C:\BIODSZ\ASSET\DUMMY.FILE	0x00000800	0x00000161
0042 C:\BIODSZ\ASSET\DUMMY.FILE	0x00000800	0x00000162
0043 C:\BIODSZ\ASSET\DUMMY.FILE	0x00000800	0x00000163
0044 C:\BIODSZ\ASSET\DUMMY.FILE	0x00000800	0x00000164
0045 C:\BIODSZ\ASSET\DUMMY.FILE	0x00000800	0x00000165
0046 C:\BIODSZ\ASSET\DUMMY.FILE	0x00000800	0x00000166
0047 C:\BIODSZ\ASSET\DUMMY.FILE	0x00000800	0x00000167
0048 C:\BIODSZ\ASSET\DUMMY.FILE	0x00000800	0x00000168
0049 C:\BIODSZ\ASSET\DUMMY.FILE	0x00000800	0x00000169
004A C:\BIODSZ\ASSET\DUMMY.FILE	0x00000800	0x0000016A
004B C:\BIODSZ\ASSET\DUMMY.FILE	0x00000800	0x0000016B
004C C:\BIODSZ\ASSET\DUMMY.FILE	0x00000800	0x0000016C
004D C:\BIODSZ\ASSET\DUMMY.FILE	0x00000800	0x0000016D
004E C:\BIODSZ\ASSET\DUMMY.FILE	0x00000800	0x0000016E
004F C:\BIODSZ\ASSET\DUMMY.FILE	0x00000800	0x0000016F
0050 C:\BIODSZ\ASSET\DUMMY.FILE	0x00000800	0x00000170
0051 C:\BIODSZ\ASSET\DUMMY.FILE	0x00000800	0x00000171
0052 C:\BIODSZ\ASSET\DUMMY.FILE	0x00000800	0x00000172
0053 C:\BIODSZ\ASSET\DUMMY.FILE	0x00000800	0x00000173
0054 C:\BIODSZ\ASSET\DUMMY.FILE	0x00000800	0x00000174
0055 C:\BIODSZ\ASSET\DUMMY.FILE	0x00000800	0x00000175
0056 C:\BIODSZ\ASSET\DUMMY.FILE	0x00000800	0x00000176
0057 C:\BIODSZ\ASSET\DUMMY.FILE	0x00000800	0x00000177
0058 C:\BIODSZ\ASSET\DUMMY.FILE	0x00000800	0x00000178
0059 C:\BIODSZ\ASSET\DUMMY.FILE	0x00000800	0x00000179
005A C:\BIODSZ\ASSET\DUMMY.FILE	0x00000800	0x0000017A
005B C:\BIODSZ\ASSET\DUMMY.FILE	0x00000800	0x0000017B
005C C:\BIODSZ\ASSET\DUMMY.FILE	0x00000800	0x0000017C
005D C:\BIODSZ\ASSET\DUMMY.FILE	0x00000800	0x0000017D
005E C:\BIODSZ\ASSET\DUMMY.FILE	0x00000800	0x0000017E
005F C:\BIODSZ\ASSET\DUMMY.FILE	0x00000800	0x0000017F
0060 C:\BIODSZ\ASSET\DUMMY.FILE	0x00000800	0x00000180
0061 C:\BIODSZ\ASSET\DUMMY.FILE	0x00000800	0x00000181
0062 C:\BIODSZ\ASSET\DUMMY.FILE	0x00000800	0x00000182
0063 C:\BIODSZ\ASSET\DUMMY.FILE	0x00000800	0x00000183
0064 C:\BIODSZ\ASSET\DUMMY.FILE	0x00000800	0x00000184
0065 C:\BIODSZ\ASSET\DUMMY.FILE	0x00000800	0x00000185
0066 C:\BIODSZ\ASSET\DUMMY.FILE	0x00000800	0x00000186
0067 C:\BIODSZ\ASSET\DUMMY.FILE	0x00000800	0x00000187
0068 C:\BIODSZ\ASSET\DUMMY.FILE	0x00000800	0x00000188
0069 C:\BIODSZ\ASSET\DUMMY.FILE	0x00000800	0x00000189
006A C:\BIODSZ\ASSET\DUMMY.FILE	0x00000800	0x0000018A
006B C:\BIODSZ\ASSET\DUMMY.FILE	0x00000800	0x0000018B
006C C:\BIODSZ\ASSET\DUMMY.FILE	0x00000800	0x0000018C
006D C:\BIODSZ\ASSET\DUMMY.FILE	0x00000800	0x0000018D
006E C:\BIODSZ\ASSET\DUMMY.FILE	0x00000800	0x0000018E
006F C:\BIODSZ\ASSET\DUMMY.FILE	0x00000800	0x0000018F
0070 C:\BIODSZ\ASSET\DUMMY.FILE	0x00000800	0x00000190
0071 C:\BIODSZ\ASSET\DUMMY.FILE	0x00000800	0x00000191
0072 C:\BIODSZ\ASSET\DUMMY.FILE	0x00000800	0x00000192
0073 C:\BIODSZ\ASSET\DUMMY.FILE	0x00000800	0x00000193
0074 C:\BIODSZ\ASSET\DUMMY.FILE	0x00000800	0x00000194
0075 C:\BIODSZ\ASSET\DUMMY.FILE	0x00000800	0x00000195
0076 C:\BIODSZ\ASSET\DUMMY.FILE	0x00000800	0x00000196
0077 C:\BIODSZ\ASSET\DUMMY.FILE	0x00000800	0x00000197
0078 C:\BIODSZ\ASSET\DUMMY.FILE	0x00000800	0x00000198
0079 C:\BIODSZ\ASSET\DUMMY.FILE	0x00000800	0x00000199
007A C:\BIODSZ\ASSET\DUMMY.FILE	0x00000800	0x0000019A
007B C:\BIODSZ\ASSET\DUMMY.FILE	0x00000800	0x0000019B
007C C:\BIODSZ\ASSET\DUMMY.FILE	0x00000800	0x0000019C
007D C:\BIODSZ\ASSET\DUMMY.FILE	0x00000800	0x0000019D
007E C:\BIODSZ\ASSET\DUMMY.FILE	0x00000800	0x0000019E
007F C:\BIODSZ\ASSET\DUMMY.FILE	0x00000800	0x0000019F
0080 C:\BIODSZ\ASSET\DUMMY.FILE	0x00000800	0x000001A0
0081 C:\BIODSZ\ASSET\DUMMY.FILE	0x00000800	0x000001A1
0082 C:\BIODSZ\ASSET\DUMMY.FILE	0x00000800	0x000001A2
0083 C:\BIODSZ\ASSET\DUMMY.FILE	0x00000800	0x000001A3
0084 C:\BIODSZ\ASSET\DUMMY.FILE	0x00000800	0x000001A4
0085 C:\BIODSZ\ASSET\DUMMY.FILE	0x00000800	0x000001A5
0086 C:\BIODSZ\ASSET\DUMMY.FILE	0x00000800	0x000001A6
0087 C:\BIODSZ\ASSET\DUMMY.FILE	0x00000800	0x000001A7
0088 C:\BIODSZ\ASSET\DUMMY.FILE	0x00000800	0x000001A8
0089 C:\BIODSZ\ASSET\DUMMY.FILE	0x00000800	0x000001A9
008A C:\BIODSZ\ASSET\DUMMY.FILE	0x00000800	0x000001AA
008B C:\BIODSZ\ASSET\DUMMY.FILE	0x00000800	0x000001AB
008C C:\BIODSZ\DISC\DATA\CLEAR1.PIX	0x00025800	0x000001AF
008D C:\BIODSZ\DISC\DATA\CLEAR2.PIX	0x00025800	0x000001FA
008E C:\BIODSZ\DISC\DATA\COLOR.TIM	0x00025800	0x00000245
008F C:\BIODSZ\DISC\DATA\CONFIG.TIM	0x00010434	0x00000290
0090 C:\BIODSZ\DISC\DATA\CORE00.ESP	0x0000217C	0x000002B1
0091 C:\BIODSZ\DISC\DATA\CORE01.TIM	0x00010000	0x000002B6
0092 C:\BIODSZ\DISC\DATA\DIED00.DIE	0x000153A8	0x000002D6
0093 C:\BIODSZ\DISC\DATA\DIED01.DIE	0x00015718	0x00000301
0094 C:\BIODSZ\DISC\DATA\DIED0B.DIE	0x00012FD8	0x0000032C
0095 C:\BIODSZ\DISC\DATA\DIED0C.DIE	0x000157B8	0x00000352
0096 C:\BIODSZ\DISC\DATA\DIED0D.DIE	0x00014EE8	0x0000037D
0097 C:\BIODSZ\DISC\DATA\DIED0E.DIE	0x000158E8	0x000003A7
0098 C:\BIODSZ\DISC\DATA\DIED0F.DIE	0x00015588	0x000003D3
0099 C:\BIODSZ\DISC\DATA\END00.TIM	0x00041020	0x000003FE
009A C:\BIODSZ\DISC\DATA\END10.TIM	0x00025800	0x00000481
009B C:\BIODSZ\DISC\DATA\END11.TIM	0x00025800	0x000004CC
009C C:\BIODSZ\DISC\DATA\END12.TIM	0x00025800	0x00000517
009D C:\BIODSZ\DISC\DATA\END13.TIM	0x00025800	0x00000562
009E C:\BIODSZ\DISC\DATA\END14.TIM	0x00025800	0x000005AD
009F C:\BIODSZ\DISC\DATA\END15.TIM	0x00025800	0x000005F8
00A0 C:\BIODSZ\DISC\DATA\END16.TIM	0x00025800	0x00000643
00A1 C:\BIODSZ\DISC\DATA\END17.TIM	0x00025800	0x0000068E
00A2 C:\BIODSZ\DISC\DATA\END18.TIM	0x00025800	0x000006D9
00A3 C:\BIODSZ\DISC\DATA\END19.TIM	0x00008040	0x00000724
00A4 C:\BIODSZ\DISC\DATA\EXTITLE.TIM	0x00025814	0x00000735
00A5 C:\BIODSZ\DISC\DATA\EXTITLE1.TIM	0x00010220	0x00000781
00A6 C:\BIODSZ\DISC\DATA\FILES.TIM	0x00503800	0x000007A2
00A7 C:\BIODSZ\DISC\DATA\GWARNING.TIM	0x00025814	0x000011A9
00A8 C:\BIODSZ\DISC\DATA\INIT_TBL.DAT	0x00002D90	0x000011F5
00A9 C:\BIODSZ\DISC\DATA\ITEMALL.PIX	0x0001F0E0	0x000011FB
00AA C:\BIODSZ\DISC\DATA\ITPS.ITP	0x0012C000	0x0000123A
00AB C:\BIODSZ\DISC\DATA\MAPS.PIX	0x000A0000	0x00001492
00AC C:\BIODSZ\DISC\DATA\MIX.PIX	0x000041A0	0x000015D2
00AD C:\BIODSZ\DISC\DATA\OPEN00.TIM	0x00019220	0x000015DB
00AE C:\BIODSZ\DISC\DATA\OPEN01.TIM	0x00025C20	0x0000160E
00AF C:\BIODSZ\DISC\DATA\OPEN02.TIM	0x00012120	0x0000165A
00B0 C:\BIODSZ\DISC\DATA\OPEN03.TIM	0x00010040	0x0000167F
00B1 C:\BIODSZ\DISC\DATA\OPEN04.TIM	0x00010040	0x000016A0
00B2 C:\BIODSZ\DISC\DATA\OPEN05.TIM	0x00008040	0x000016C1
00B3 C:\BIODSZ\DISC\DATA\OPEN06.TIM	0x00002220	0x000016D2
00B4 C:\BIODSZ\DISC\DATA\OPEN07.TIM	0x00008220	0x000016D7
00B5 C:\BIODSZ\DISC\DATA\OPEN10.TIM	0x00025800	0x000016E8
00B6 C:\BIODSZ\DISC\DATA\OPEN11.TIM	0x00025800	0x00001733
00B7 C:\BIODSZ\DISC\DATA\OPEN12.TIM	0x00025800	0x0000177E
00B8 C:\BIODSZ\DISC\DATA\OPEN13.TIM	0x00025800	0x000017C9
00B9 C:\BIODSZ\DISC\DATA\OPEN14.TIM	0x00025800	0x00001814
00BA C:\BIODSZ\DISC\DATA\OPNC.CPT	0x0000442E	0x0000185F
00BB C:\BIODSZ\DISC\DATA\OPNL.CPT	0x00004631	0x00001868
00BC C:\BIODSZ\DISC\DATA\OPNW.CPT	0x00005C0B	0x00001871
00BD C:\BIODSZ\DISC\DATA\PADDDSU.TIM	0x00025800	0x0000187D
00BE C:\BIODSZ\DISC\DATA\PADDU.TIM	0x00025800	0x000018C8
00BF C:\BIODSZ\DISC\DATA\R108.CPT	0x00001DF8	0x00001913
00C0 C:\BIODSZ\DISC\DATA\R204C16.PIX	0x00004000	0x00001917
00C1 C:\BIODSZ\DISC\DATA\R204L16.PIX	0x00004000	0x0000191F
00C2 C:\BIODSZ\DISC\DATA\R40X.CPT	0x0000878D	0x00001927
00C3 C:\BIODSZ\DISC\DATA\R700C.CPT	0x00005F8E	0x00001938
00C4 C:\BIODSZ\DISC\DATA\R700L.CPT	0x00002984	0x00001944
00C5 C:\BIODSZ\DISC\DATA\R703C.CPT	0x000034EB	0x0000194A
00C6 C:\BIODSZ\DISC\DATA\R703L.CPT	0x00005428	0x00001951
00C7 C:\BIODSZ\DISC\DATA\R704C.CPT	0x0000ACAE	0x0000195C
00C8 C:\BIODSZ\DISC\DATA\R704L.CPT	0x0000A838	0x00001972
00C9 C:\BIODSZ\DISC\DATA\RES_MOJI.TIM	0x00010220	0x00001988
00CA C:\BIODSZ\DISC\DATA\RESULT.TIM	0x00025814	0x000019A9
00CB C:\BIODSZ\DISC\DATA\SELECT.TIM	0x00010220	0x000019F5
00CC C:\BIODSZ\DISC\DATA\SELECTH.TIM	0x00025814	0x00001A16
00CD C:\BIODSZ\DISC\DATA\SELECTH2.TIM	0x00010220	0x00001A62
00CE C:\BIODSZ\DISC\DATA\SELECTH3.TIM	0x00010220	0x00001A83
00CF C:\BIODSZ\DISC\DATA\SELECT_B.TIM	0x00025814	0x00001AA4
00D0 C:\BIODSZ\DISC\DATA\SELECT_W.TIM	0x00010434	0x00001AF0
00D1 C:\BIODSZ\DISC\DATA\SPY_LOGO.TIM	0x00010420	0x00001B11
00D2 C:\BIODSZ\DISC\DATA\ST0.TIM	0x00012EE0	0x00001B32
00D3 C:\BIODSZ\DISC\DATA\ST1.TIM	0x00012EE0	0x00001B58
00D4 C:\BIODSZ\DISC\DATA\ST1_.TIM	0x00012EE0	0x00001B7E
00D5 C:\BIODSZ\DISC\DATA\ST1_FONT.TIM	0x000080A0	0x00001BA4
00D6 C:\BIODSZ\DISC\DATA\ST2_FONT.TIM	0x000080A0	0x00001BB5
00D7 C:\BIODSZ\DISC\DATA\ST3_FONT.TIM	0x000080A0	0x00001BC6
00D8 C:\BIODSZ\DISC\DATA\ST4_FONT.TIM	0x000080A0	0x00001BD7
00D9 C:\BIODSZ\DISC\DATA\ST5_FONT.TIM	0x000080A0	0x00001BE8
00DA C:\BIODSZ\DISC\DATA\ST6_FONT.TIM	0x000080A0	0x00001BF9
00DB C:\BIODSZ\DISC\DATA\ST7_FONT.TIM	0x000080A0	0x00001C0A
00DC C:\BIODSZ\DISC\DATA\ST_FILE.TIM	0x00008620	0x00001C1B
00DD C:\BIODSZ\DISC\DATA\ST_FILE.TM2	0x00000174	0x00001C2C
00DE C:\BIODSZ\DISC\DATA\ST_FILE.TS	0x000054F8	0x00001C2D
00DF C:\BIODSZ\DISC\DATA\ST_MOJI.TIM	0x00002660	0x00001C38
00E0 C:\BIODSZ\DISC\DATA\STG.NXT	0x000063A8	0x00001C3D
00E1 C:\BIODSZ\DISC\DATA\TEX.TIM	0x000204E0	0x00001C4A
00E2 C:\BIODSZ\DISC\DATA\TEX_PAL.TIM	0x000204E0	0x00001C8B
00E3 C:\BIODSZ\DISC\DATA\TITLE_O.TIM	0x00025814	0x00001CCC
00E4 C:\BIODSZ\DISC\DATA\TITLE_O2.TIM	0x00025814	0x00001D18
00E5 C:\BIODSZ\DISC\DATA\TIT_BG.TIM	0x00025814	0x00001D64
00E6 C:\BIODSZ\DISC\DATA\TMOJI.TIM	0x00018420	0x00001DB0
00E7 C:\BIODSZ\DISC\DATA\TOFULOGO.TIM	0x00010420	0x00001DE1
00E8 C:\BIODSZ\DISC\DATA\TYPE00.PIX	0x00025800	0x00001E02
00E9 C:\BIODSZ\DISC\DATA\WARNING.TIM	0x00025814	0x00001E4D
00EA C:\BIODSZ\DISC\BIO2\BSS01.CDX	0x013E0800	0x00001E9B
00EB C:\BIODSZ\DISC\BIO2\BSS02.CDX	0x01070800	0x0000465C
00EC C:\BIODSZ\DISC\BIO2\BSS03.CDX	0x00710800	0x0000673D
00ED C:\BIODSZ\DISC\BIO2\BSS04.CDX	0x00A40800	0x0000755E
00EE C:\BIODSZ\DISC\BIO2\BSS05.CDX	0x006B0800	0x000089DF
00EF C:\BIODSZ\DISC\BIO2\BSS06.CDX	0x00FA0800	0x00009740
00F0 C:\BIODSZ\DISC\BIO2\BSS07.CDX	0x004A0800	0x0000B681
00F1 C:\BIODSZ\DISC\BIO2\DO2.CDX	0x0035D000	0x0000BFC2
00F2 C:\BIODSZ\DISC\BIO2\EMD00.CDX	0x00AF10F0	0x0000C67C
00F3 C:\BIODSZ\DISC\BIO2\EMD01.CDX	0x00AF30F0	0x0000DC5F
00F4 C:\BIODSZ\DISC\BIO2\PLD.CDX	0x002BF000	0x0000F246
00F5 C:\BIODSZ\DISC\BIO2\PLW00.CDX	0x00078000	0x0000F7C4
00F6 C:\BIODSZ\DISC\BIO2\PLW01.CDX	0x0006D000	0x0000F8B4
00F7 C:\BIODSZ\DISC\BIO2\PLW02.CDX	0x00078000	0x0000F98E
00F8 C:\BIODSZ\DISC\BIO2\PLW03.CDX	0x0006D000	0x0000FA7E
00F9 C:\BIODSZ\DISC\BIO2\PLW04.CDX	0x00078000	0x0000FB58
00FA C:\BIODSZ\DISC\BIO2\PLW05.CDX	0x0006D000	0x0000FC48
00FB C:\BIODSZ\DISC\BIO2\PLW06.CDX	0x00078000	0x0000FD22
00FC C:\BIODSZ\DISC\BIO2\PLW07.CDX	0x0006D000	0x0000FE12
00FD C:\BIODSZ\DISC\BIO2\PLW08.CDX	0x00078000	0x0000FEEC
00FE C:\BIODSZ\DISC\BIO2\PLW09.CDX	0x0006D000	0x0000FFDC
00FF C:\BIODSZ\DISC\BIO2\PLW0A.CDX	0x00078000	0x000100B6
0100 C:\BIODSZ\DISC\BIO2\PLW0B.CDX	0x00078000	0x000101A6
0101 C:\BIODSZ\DISC\BIO2\PLW0C.CDX	0x00055000	0x00010296
0102 C:\BIODSZ\DISC\BIO2\PLW0D.CDX	0x0001A000	0x00010340
0103 C:\BIODSZ\DISC\BIO2\PLW0E.CDX	0x0006D000	0x00010374
0104 C:\BIODSZ\DISC\BIO2\PLW0F.CDX	0x00007000	0x0001044E
0105 C:\BIODSZ\DISC\BIO2\SNDARMS.CDX	0x000AB800	0x0001045C
0106 C:\BIODSZ\DISC\BIO2\SNDCORE.CDX	0x001A9800	0x000105B3
0107 C:\BIODSZ\DISC\BIO2\SNDEMD.CDX	0x00662800	0x00010906
0108 C:\BIODSZ\DISC\BIO2\SNDMAIN.CDX	0x00849000	0x000115CB
0109 C:\BIODSZ\DISC\BIO2\SNDSUB.CDX	0x006A6000	0x0001265D
010A C:\BIODSZ\DISC\BIO2\STG0001.CDX	0x0045F000	0x000133A9
010B C:\BIODSZ\DISC\BIO2\STG0002.CDX	0x003F0000	0x00013C67
010C C:\BIODSZ\DISC\BIO2\STG0003.CDX	0x00240000	0x00014447
010D C:\BIODSZ\DISC\BIO2\STG0004.CDX	0x0033A000	0x000148C7
010E C:\BIODSZ\DISC\BIO2\STG0005.CDX	0x00165000	0x00014F3B
010F C:\BIODSZ\DISC\BIO2\STG0006.CDX	0x00429000	0x00015205
0110 C:\BIODSZ\DISC\BIO2\STG0007.CDX	0x00103000	0x00015A57
0111 C:\BIODSZ\DISC\BIO2\STG0101.CDX	0x00461000	0x00015C5D
0112 C:\BIODSZ\DISC\BIO2\STG0102.CDX	0x003E8000	0x0001651F
0113 C:\BIODSZ\DISC\BIO2\STG0103.CDX	0x0024A000	0x00016CEF
0114 C:\BIODSZ\DISC\BIO2\STG0104.CDX	0x00353000	0x00017183
0115 C:\BIODSZ\DISC\BIO2\STG0105.CDX	0x0015A000	0x00017829
0116 C:\BIODSZ\DISC\BIO2\STG0106.CDX	0x003ED000	0x00017ADD
0117 C:\BIODSZ\DISC\BIO2\STG0107.CDX	0x00101000	0x000182B7
